c:\users\student\source\repos\cvbuildergit\cvbuilder\debug\vc142.pdb
c:\users\student\source\repos\cvbuildergit\cvbuilder\debug\.netframework,version=v4.6.1.assemblyattributes.obj
c:\users\student\source\repos\cvbuildergit\cvbuilder\debug\template2.obj
c:\users\student\source\repos\cvbuildergit\cvbuilder\debug\template1.obj
c:\users\student\source\repos\cvbuildergit\cvbuilder\debug\skills.obj
c:\users\student\source\repos\cvbuildergit\cvbuilder\debug\personaldetails.obj
c:\users\student\source\repos\cvbuildergit\cvbuilder\debug\myform1.obj
c:\users\student\source\repos\cvbuildergit\cvbuilder\debug\categorybox.obj
c:\users\student\source\repos\cvbuildergit\cvbuilder\debug\main.obj
c:\users\student\source\repos\cvbuildergit\cvbuilder\debug\selecttemplateform.obj
c:\users\student\source\repos\cvbuildergit\cvbuilder\debug\myform.obj
c:\users\student\source\repos\cvbuildergit\cvbuilder\debug\listofcvsform.obj
c:\users\student\source\repos\cvbuildergit\cvbuilder\debug\generalpage.obj
c:\users\student\source\repos\cvbuildergit\cvbuilder\debug\educationworkexpprojects.obj
c:\users\student\source\repos\cvbuildergit\cvbuilder\debug\createcv.obj
c:\users\student\source\repos\cvbuildergit\cvbuilder\debug\user.obj
c:\users\student\source\repos\cvbuildergit\cvbuilder\debug\mysql.data.dll
c:\users\student\source\repos\cvbuildergit\cvbuilder\debug\google.protobuf.dll
c:\users\student\source\repos\cvbuildergit\cvbuilder\debug\zstandard.net.dll
c:\users\student\source\repos\cvbuildergit\cvbuilder\debug\k4os.compression.lz4.streams.dll
c:\users\student\source\repos\cvbuildergit\cvbuilder\debug\bouncycastle.crypto.dll
c:\users\student\source\repos\cvbuildergit\cvbuilder\debug\ubiety.dns.core.dll
c:\users\student\source\repos\cvbuildergit\cvbuilder\debug\system.memory.dll
c:\users\student\source\repos\cvbuildergit\cvbuilder\debug\system.runtime.compilerservices.unsafe.dll
c:\users\student\source\repos\cvbuildergit\cvbuilder\debug\system.buffers.dll
c:\users\student\source\repos\cvbuildergit\cvbuilder\debug\k4os.compression.lz4.dll
c:\users\student\source\repos\cvbuildergit\cvbuilder\debug\k4os.hash.xxhash.dll
c:\users\student\source\repos\cvbuildergit\cvbuilder\debug\system.numerics.vectors.dll
c:\users\student\source\repos\cvbuildergit\cvbuilder\debug\mysql.data.xml
c:\users\student\source\repos\cvbuilder\cvbuilder\debug\cvbuilder.welcomelogregform.resources
c:\users\student\source\repos\cvbuilder\cvbuilder\debug\cvbuilder.welcomelogreg.resources
c:\users\student\source\repos\cvbuildergit\cvbuilder\debug\cvbuilder.createcv.resources
c:\users\student\source\repos\cvbuildergit\cvbuilder\debug\cvbuilder.educationworkexpprojects.resources
c:\users\student\source\repos\cvbuildergit\cvbuilder\debug\cvbuilder.generalpage.resources
c:\users\student\source\repos\cvbuildergit\cvbuilder\debug\cvbuilder.listofcvsform.resources
c:\users\student\source\repos\cvbuildergit\cvbuilder\debug\cvbuilder.myform.resources
c:\users\student\source\repos\cvbuildergit\cvbuilder\debug\cvbuilder.myform1.resources
c:\users\student\source\repos\cvbuildergit\cvbuilder\debug\cvbuilder.personaldetails.resources
c:\users\student\source\repos\cvbuildergit\cvbuilder\debug\cvbuilder.selecttemplateform.resources
c:\users\student\source\repos\cvbuildergit\cvbuilder\debug\cvbuilder.skills.resources
c:\users\student\source\repos\cvbuildergit\cvbuilder\debug\cvbuilder.template1.resources
c:\users\student\source\repos\cvbuildergit\cvbuilder\debug\cvbuilder.template2.resources
c:\users\student\source\repos\cvbuildergit\cvbuilder\debug\cvbuilder.tlog\metagen.write.1.tlog
c:\users\student\source\repos\cvbuildergit\cvbuilder\debug\cvuser.obj
c:\users\student\source\repos\cvbuildergit\cvbuilder\debug\cvbuilder.pdb
c:\users\student\source\repos\cvbuildergit\cvbuilder\debug\cvbuilder.exe.metagen
c:\users\student\source\repos\cvbuildergit\cvbuilder\debug\cvbuilder.tlog\cl.command.1.tlog
c:\users\student\source\repos\cvbuildergit\cvbuilder\debug\cvbuilder.tlog\cl.read.1.tlog
c:\users\student\source\repos\cvbuildergit\cvbuilder\debug\cvbuilder.tlog\cl.write.1.tlog
c:\users\student\source\repos\cvbuildergit\cvbuilder\debug\cvbuilder.tlog\copylocal.read.1u.tlog
c:\users\student\source\repos\cvbuildergit\cvbuilder\debug\cvbuilder.tlog\copylocal.write.1u.tlog
c:\users\student\source\repos\cvbuildergit\cvbuilder\debug\cvbuilder.tlog\cvbuilder.write.1u.tlog
c:\users\student\source\repos\cvbuildergit\cvbuilder\debug\cvbuilder.tlog\link.command.1.tlog
c:\users\student\source\repos\cvbuildergit\cvbuilder\debug\cvbuilder.tlog\link.read.1.tlog
c:\users\student\source\repos\cvbuildergit\cvbuilder\debug\cvbuilder.tlog\link.write.1.tlog
c:\users\student\source\repos\cvbuildergit\cvbuilder\debug\cvbuilder.tlog\metagen.read.1.tlog
c:\users\student\source\repos\cvbuildergit\cvbuilder\debug\cvbuilder.tlog\mysql.data.dll.metagen
